


ARM Macro Assembler    Page 1 


    1 00000000         ; Print.s
    2 00000000         ; Student names: Stephen Chang and Mayank Shouche
    3 00000000         ; Last modification date: 3/31/19
    4 00000000         ; Runs on LM4F120 or TM4C123
    5 00000000         ; EE319K lab 7 device driver for any LCD
    6 00000000         ;
    7 00000000         ; As part of Lab 7, students need to implement these LCD
                       _OutDec and LCD_OutFix
    8 00000000         ; This driver assumes two low-level LCD functions
    9 00000000         ; ST7735_OutChar   outputs a single 8-bit ASCII characte
                       r
   10 00000000         ; ST7735_OutString outputs a null-terminated string 
   11 00000000         
   12 00000000                 IMPORT           ST7735_OutChar
   13 00000000                 IMPORT           ST7735_OutString
   14 00000000                 EXPORT           LCD_OutDec
   15 00000000                 EXPORT           LCD_OutFix
   16 00000000         
   17 00000000                 AREA             |.text|, CODE, READONLY, ALIGN=
2
   18 00000000                 THUMB
   19 00000000         
   20 00000000 00000000 
                       quotient
                               EQU              0
   21 00000000         ;remainder EQU 4
   22 00000000 3B9ACA00 
                       number  EQU              1000000000
   23 00000000         
   24 00000000         ;-----------------------LCD_OutDec----------------------
                       -
   25 00000000         ; Output a 32-bit number in unsigned decimal format
   26 00000000         ; Input: R0 (call by value) 32-bit unsigned number
   27 00000000         ; Output: none
   28 00000000         ; Invariables: This function must not permanently modify
                        registers R4 to R11
   29 00000000         LCD_OutDec
   30 00000000 B501            PUSH{R0,         LR}
   31 00000002         ;MOV R4, #0
   32 00000002 B082            SUB              SP, #8
   33 00000004 F04F 0C0A       MOV              R12, #10
   34 00000008 4940            LDR              R1, =number
   35 0000000A 2800            CMP              R0, #0
   36 0000000C D014            BEQ              diveq1
   37 0000000E         divloop
   38 0000000E FBB1 F1FC       UDIV             R1, R12
   39 00000012 4281            CMP              R1, R0
   40 00000014 DCFB            BGT              divloop
   41 00000016         
   42 00000016         recursion
   43 00000016 F04F 0300       MOV              R3, #0
   44 0000001A 9300            STR              R3, [SP, #quotient]
   45 0000001C 2901            CMP              R1, #1
   46 0000001E D00B            BEQ              diveq1      ;return number once
                                                             div equals 1
   47 00000020         
   48 00000020         L1
   49 00000020 4288            CMP              R0, R1
   50 00000022 DB06            BLT              div10



ARM Macro Assembler    Page 2 


   51 00000024 EBA0 0001       SUB              R0, R0, R1
   52 00000028 9B00            LDR              R3, [SP, #quotient]
   53 0000002A F103 0301       ADD              R3, #1
   54 0000002E 9300            STR              R3, [SP, #quotient]
   55 00000030 E7F6            B                L1
   56 00000032         div10
   57 00000032 FBB1 F1FC       UDIV             R1, R12
   58 00000036 E006            B                done
   59 00000038         diveq1
   60 00000038 F100 0030       ADD              R0, #0x30
   61 0000003C F7FF FFFE       BL               ST7735_OutChar
   62 00000040 B002            ADD              SP, #8
   63 00000042 BD01            POP              {R0, PC}
   64 00000044 4770            BX               LR
   65 00000046         done
   66 00000046         ;ADD R4, R4, #1   ;R4 is recursive counter
   67 00000046         ;PUSH {R3, R4}
   68 00000046 4602            MOV              R2, R0
   69 00000048 9B00            LDR              R3, [SP, #quotient]
   70 0000004A 4618            MOV              R0, R3
   71 0000004C F100 0030       ADD              R0, #0x30
   72 00000050 B4C6            PUSH{R1,R2,R6,R7}
   73 00000052 F7FF FFFE       BL               ST7735_OutChar
   74 00000056 BCC6            POP{R1,R2,R6,R7}
   75 00000058 4610            MOV              R0, R2
   76 0000005A E7DC            B                recursion
   77 0000005C B002            ADD              SP, #8
   78 0000005E 4770            BX               LR
   79 00000060         ;* * * * * * * * End of LCD_OutDec * * * * * * * *
   80 00000060         
   81 00000060         ; -----------------------LCD _OutFix--------------------
                       --
   82 00000060         ; Output characters to LCD display in fixed-point format
                       
   83 00000060         ; unsigned decimal, resolution 0.001, range 0.000 to 9.9
                       99
   84 00000060         ; Inputs:  R0 is an unsigned 32-bit number
   85 00000060         ; Outputs: none
   86 00000060         ; E.g., R0=0,    then output "0.000 "
   87 00000060         ;       R0=3,    then output "0.003 "
   88 00000060         ;       R0=89,   then output "0.089 "
   89 00000060         ;       R0=123,  then output "0.123 "
   90 00000060         ;       R0=9999, then output "9.999 "
   91 00000060         ;       R0>9999, then output "*.*** "
   92 00000060         ; Invariables: This function must not permanently modify
                        registers R4 to R11
   93 00000060         
   94 00000060 00000000 
                       counter EQU              0
   95 00000060 0000270F 
                       number1 EQU              9999
   96 00000060         
   97 00000060         LCD_OutFix
   98 00000060 B501            PUSH             {R0, LR}
   99 00000062         
  100 00000062 B082            SUB              SP, #8      ;allocate space for
                                                             local variables
  101 00000064         
  102 00000064 F04F 0C00       MOV              R12, #0



ARM Macro Assembler    Page 3 


  103 00000068 F8CD C000       STR              R12, [SP, #counter] ;initialize
                                                             counter local vari
                                                            able with 0
  104 0000006C         
  105 0000006C F242 7C0F       LDR              R12, =number1
  106 00000070         
  107 00000070 4560            CMP              R0, R12
  108 00000072 DC33            BGT              tooLarge    ;number is too larg
                                                            e, print *.***
  109 00000074 F44F 717A       MOV              R1, #1000
  110 00000078 F04F 030A       MOV              R3, #10
  111 0000007C         
  112 0000007C         div
  113 0000007C F8DD C000       LDR              R12, [SP, #counter]
  114 00000080 F10C 0C01       ADD              R12, #1
  115 00000084 F8CD C000       STR              R12, [SP, #counter]
  116 00000088         
  117 00000088 F1BC 0F02       CMP              R12, #2
  118 0000008C D00F            BEQ              period
  119 0000008E         
  120 0000008E F1BC 0F06       CMP              R12, #6
  121 00000092 D037            BEQ              endFix
  122 00000094         
  123 00000094 FBB0 F2F1       UDIV             R2, R0, R1
  124 00000098 2A00            CMP              R2, #0
  125 0000009A D10F            BNE              case1
  126 0000009C         
  127 0000009C B40F            PUSH             {R0, R1, R2, R3}
  128 0000009E F04F 0030       MOV              R0, #0x30   ;prints first zero
  129 000000A2 F7FF FFFE       BL               ST7735_OutChar
  130 000000A6 BC0F            POP              {R0, R1, R2, R3}
  131 000000A8         
  132 000000A8 FBB1 F1F3       UDIV             R1, R3
  133 000000AC E005            B                noperiod
  134 000000AE         
  135 000000AE         period
  136 000000AE B40F            PUSH             {R0, R1, R2, R3}
  137 000000B0 F04F 002E       MOV              R0, #0x2E   ;prints decimal poi
                                                            nt
  138 000000B4 F7FF FFFE       BL               ST7735_OutChar
  139 000000B8 BC0F            POP              {R0, R1, R2, R3}
  140 000000BA         
  141 000000BA         noperiod
  142 000000BA E7DF            B                div
  143 000000BC         
  144 000000BC         case1
  145 000000BC         
  146 000000BC B40F            PUSH             {R0, R1, R2, R3}
  147 000000BE 4610            MOV              R0, R2      ;prints character
  148 000000C0 F100 0030       ADD              R0, #0x30
  149 000000C4 F7FF FFFE       BL               ST7735_OutChar
  150 000000C8 BC0F            POP              {R0, R1, R2, R3}
  151 000000CA FB01 FC02       MUL              R12, R1, R2
  152 000000CE EBA0 000C       SUB              R0, R0, R12
  153 000000D2         
  154 000000D2 2901            CMP              R1, #1
  155 000000D4 D016            BEQ              endFix
  156 000000D6         
  157 000000D6 FBB1 F1F3       UDIV             R1, R3



ARM Macro Assembler    Page 4 


  158 000000DA         
  159 000000DA E7CF            B                div
  160 000000DC         
  161 000000DC         tooLarge
  162 000000DC F04F 002A       MOV              R0, #0x2A
  163 000000E0 F7FF FFFE       BL               ST7735_OutChar
  164 000000E4 F04F 002E       MOV              R0, #0x2E
  165 000000E8 F7FF FFFE       BL               ST7735_OutChar
  166 000000EC F04F 002A       MOV              R0, #0X2A
  167 000000F0 F7FF FFFE       BL               ST7735_OutChar
  168 000000F4 F04F 002A       MOV              R0, #0X2A
  169 000000F8 F7FF FFFE       BL               ST7735_OutChar
  170 000000FC F04F 002A       MOV              R0, #0X2A
  171 00000100 F7FF FFFE       BL               ST7735_OutChar
  172 00000104         
  173 00000104         endFix
  174 00000104 B002            ADD              SP, #8      ;de-allocate local 
                                                            variable space
  175 00000106 E8BD 4001       POP              {R0, LR}
  176 0000010A 4770            BX               LR
  177 0000010C         
  178 0000010C                 ALIGN
  179 0000010C         ;* * * * * * * * End of LCD_OutFix * * * * * * * *
  180 0000010C         
  181 0000010C                 ALIGN                        ; make sure the end
                                                             of this section is
                                                             aligned
  182 0000010C                 END                          ; end of file
              3B9ACA00 
Command Line: --debug --xref --diag_suppress=9931 --cpu=Cortex-M4 --apcs=interw
ork --depend=.\print.d -o.\print.o -I.\RTE\_SpaceInvaders -IC:\Keil_v5\ARM\PACK
\ARM\CMSIS\5.4.0\CMSIS\Core\Include -IC:\Keil_v5\ARM\PACK\Keil\TM4C_DFP\1.1.0\D
evice\Include\TM4C123 --predefine="__EVAL SETA 1" --predefine="__UVISION_VERSIO
N SETA 527" --predefine="_RTE_ SETA 1" --predefine="TM4C123GH6PM SETA 1" --list
=.\print.lst Print.s



ARM Macro Assembler    Page 1 Alphabetic symbol ordering
Relocatable symbols

.text 00000000

Symbol: .text
   Definitions
      At line 17 in file Print.s
   Uses
      None
Comment: .text unused
L1 00000020

Symbol: L1
   Definitions
      At line 48 in file Print.s
   Uses
      At line 55 in file Print.s
Comment: L1 used once
LCD_OutDec 00000000

Symbol: LCD_OutDec
   Definitions
      At line 29 in file Print.s
   Uses
      At line 14 in file Print.s
Comment: LCD_OutDec used once
LCD_OutFix 00000060

Symbol: LCD_OutFix
   Definitions
      At line 97 in file Print.s
   Uses
      At line 15 in file Print.s
Comment: LCD_OutFix used once
case1 000000BC

Symbol: case1
   Definitions
      At line 144 in file Print.s
   Uses
      At line 125 in file Print.s
Comment: case1 used once
div 0000007C

Symbol: div
   Definitions
      At line 112 in file Print.s
   Uses
      At line 142 in file Print.s
      At line 159 in file Print.s

div10 00000032

Symbol: div10
   Definitions
      At line 56 in file Print.s
   Uses
      At line 50 in file Print.s
Comment: div10 used once
diveq1 00000038




ARM Macro Assembler    Page 2 Alphabetic symbol ordering
Relocatable symbols

Symbol: diveq1
   Definitions
      At line 59 in file Print.s
   Uses
      At line 36 in file Print.s
      At line 46 in file Print.s

divloop 0000000E

Symbol: divloop
   Definitions
      At line 37 in file Print.s
   Uses
      At line 40 in file Print.s
Comment: divloop used once
done 00000046

Symbol: done
   Definitions
      At line 65 in file Print.s
   Uses
      At line 58 in file Print.s
Comment: done used once
endFix 00000104

Symbol: endFix
   Definitions
      At line 173 in file Print.s
   Uses
      At line 121 in file Print.s
      At line 155 in file Print.s

noperiod 000000BA

Symbol: noperiod
   Definitions
      At line 141 in file Print.s
   Uses
      At line 133 in file Print.s
Comment: noperiod used once
period 000000AE

Symbol: period
   Definitions
      At line 135 in file Print.s
   Uses
      At line 118 in file Print.s
Comment: period used once
recursion 00000016

Symbol: recursion
   Definitions
      At line 42 in file Print.s
   Uses
      At line 76 in file Print.s
Comment: recursion used once
tooLarge 000000DC

Symbol: tooLarge



ARM Macro Assembler    Page 3 Alphabetic symbol ordering
Relocatable symbols

   Definitions
      At line 161 in file Print.s
   Uses
      At line 108 in file Print.s
Comment: tooLarge used once
15 symbols



ARM Macro Assembler    Page 1 Alphabetic symbol ordering
Absolute symbols

counter 00000000

Symbol: counter
   Definitions
      At line 94 in file Print.s
   Uses
      At line 103 in file Print.s
      At line 113 in file Print.s
      At line 115 in file Print.s

number 3B9ACA00

Symbol: number
   Definitions
      At line 22 in file Print.s
   Uses
      At line 34 in file Print.s
Comment: number used once
number1 0000270F

Symbol: number1
   Definitions
      At line 95 in file Print.s
   Uses
      At line 105 in file Print.s
Comment: number1 used once
quotient 00000000

Symbol: quotient
   Definitions
      At line 20 in file Print.s
   Uses
      At line 44 in file Print.s
      At line 52 in file Print.s
      At line 54 in file Print.s
      At line 69 in file Print.s

4 symbols



ARM Macro Assembler    Page 1 Alphabetic symbol ordering
External symbols

ST7735_OutChar 00000000

Symbol: ST7735_OutChar
   Definitions
      At line 12 in file Print.s
   Uses
      At line 61 in file Print.s
      At line 73 in file Print.s
      At line 129 in file Print.s
      At line 138 in file Print.s
      At line 149 in file Print.s
      At line 163 in file Print.s
      At line 165 in file Print.s
      At line 167 in file Print.s
      At line 169 in file Print.s
      At line 171 in file Print.s

ST7735_OutString 00000000

Symbol: ST7735_OutString
   Definitions
      At line 13 in file Print.s
   Uses
      None
Comment: ST7735_OutString unused
2 symbols
357 symbols in table
